[2013-06-28 05:43:17.682] [INFO] \node_modules\pomelo\lib\application.js - application inited: "connector-server-2"
[2013-06-28 05:43:17.883] [INFO] \node_modules\pomelo\lib\components\sync.js - test
[2013-06-28 05:43:17.884] [INFO] \node_modules\pomelo\lib\components\sync.js - { path: 'D:\\creative\\aws\\kouwanju\\game-server/app/dao/mapping',
  dbclient: 
   { init: [Function],
     shutdown: [Function],
     client: 
      { stream: [Object],
        options: [Object],
        connection_id: 1,
        connected: false,
        ready: false,
        connections: 0,
        should_buffer: false,
        command_queue_high_water: 1000,
        command_queue_low_water: 0,
        max_attempts: null,
        command_queue: [Object],
        offline_queue: [Object],
        commands_sent: 0,
        connect_timeout: false,
        enable_offline_queue: true,
        retry_max_delay: null,
        retry_timer: null,
        retry_totaltime: 0,
        retry_delay: 150,
        retry_backoff: 1.7,
        attempts: 1,
        pub_sub_mode: false,
        subscription_set: {},
        monitoring: false,
        closing: false,
        server_info: {},
        auth_pass: null,
        parser_module: null,
        selected_db: null,
        old_state: null,
        domain: null,
        _events: {},
        _maxListeners: 10,
        port: '6379',
        host: 'localhost' } } }
[2013-06-28 05:43:17.893] [INFO] console - [data sync component] load mapping file done.
[2013-06-28 05:43:22.733] [INFO] console - info: 'socket.io started'
[2013-06-28 05:43:23.004] [INFO] \node_modules\pomelo\node_modules\pomelo-admin\lib\consoleService.js - try to connect master: "connector", "127.0.0.1", 4005
[2013-06-28 05:46:09.563] [INFO] \node_modules\pomelo\lib\application.js - application inited: "connector-server-2"
[2013-06-28 05:46:09.750] [INFO] \node_modules\pomelo\lib\components\sync.js - test
[2013-06-28 05:46:09.751] [INFO] \node_modules\pomelo\lib\components\sync.js - { path: 'D:\\creative\\aws\\kouwanju\\game-server/app/dao/mapping',
  dbclient: 
   { init: [Function],
     shutdown: [Function],
     client: 
      { stream: [Object],
        options: [Object],
        connection_id: 1,
        connected: false,
        ready: false,
        connections: 0,
        should_buffer: false,
        command_queue_high_water: 1000,
        command_queue_low_water: 0,
        max_attempts: null,
        command_queue: [Object],
        offline_queue: [Object],
        commands_sent: 0,
        connect_timeout: false,
        enable_offline_queue: true,
        retry_max_delay: null,
        retry_timer: null,
        retry_totaltime: 0,
        retry_delay: 150,
        retry_backoff: 1.7,
        attempts: 1,
        pub_sub_mode: false,
        subscription_set: {},
        monitoring: false,
        closing: false,
        server_info: {},
        auth_pass: null,
        parser_module: null,
        selected_db: null,
        old_state: null,
        domain: null,
        _events: {},
        _maxListeners: 10,
        port: '6379',
        host: 'localhost' } } }
[2013-06-28 05:46:09.759] [INFO] console - [data sync component] load mapping file done.
[2013-06-28 05:46:11.942] [INFO] console - info: 'socket.io started'
[2013-06-28 05:46:12.121] [INFO] \node_modules\pomelo\node_modules\pomelo-admin\lib\consoleService.js - try to connect master: "connector", "127.0.0.1", 4005
[2013-06-28 05:50:34.034] [INFO] \node_modules\pomelo\lib\application.js - application inited: "connector-server-2"
[2013-06-28 05:50:34.537] [INFO] \node_modules\pomelo\lib\components\sync.js - test
[2013-06-28 05:50:34.538] [INFO] \node_modules\pomelo\lib\components\sync.js - { path: 'D:\\creative\\aws\\kouwanju\\game-server/app/dao/mapping',
  dbclient: 
   { init: [Function],
     shutdown: [Function],
     client: 
      { stream: [Object],
        options: [Object],
        connection_id: 1,
        connected: false,
        ready: false,
        connections: 0,
        should_buffer: false,
        command_queue_high_water: 1000,
        command_queue_low_water: 0,
        max_attempts: null,
        command_queue: [Object],
        offline_queue: [Object],
        commands_sent: 0,
        connect_timeout: false,
        enable_offline_queue: true,
        retry_max_delay: null,
        retry_timer: null,
        retry_totaltime: 0,
        retry_delay: 150,
        retry_backoff: 1.7,
        attempts: 1,
        pub_sub_mode: false,
        subscription_set: {},
        monitoring: false,
        closing: false,
        server_info: {},
        auth_pass: null,
        parser_module: null,
        selected_db: null,
        old_state: null,
        domain: null,
        _events: {},
        _maxListeners: 10,
        port: '6379',
        host: 'localhost' } } }
[2013-06-28 05:50:34.546] [INFO] console - [data sync component] load mapping file done.
[2013-06-28 05:50:36.007] [INFO] console - info: 'socket.io started'
[2013-06-28 05:50:36.264] [INFO] \node_modules\pomelo\node_modules\pomelo-admin\lib\consoleService.js - try to connect master: "connector", "127.0.0.1", 4005
[2013-06-28 05:52:39.773] [INFO] \node_modules\pomelo\lib\application.js - application inited: "connector-server-2"
[2013-06-28 05:52:39.930] [INFO] \node_modules\pomelo\lib\components\sync.js - test
[2013-06-28 05:52:39.931] [INFO] \node_modules\pomelo\lib\components\sync.js - { path: 'D:\\creative\\aws\\kouwanju\\game-server/app/dao/mapping',
  dbclient: 
   { init: [Function],
     shutdown: [Function],
     client: 
      { stream: [Object],
        options: [Object],
        connection_id: 1,
        connected: false,
        ready: false,
        connections: 0,
        should_buffer: false,
        command_queue_high_water: 1000,
        command_queue_low_water: 0,
        max_attempts: null,
        command_queue: [Object],
        offline_queue: [Object],
        commands_sent: 0,
        connect_timeout: false,
        enable_offline_queue: true,
        retry_max_delay: null,
        retry_timer: null,
        retry_totaltime: 0,
        retry_delay: 150,
        retry_backoff: 1.7,
        attempts: 1,
        pub_sub_mode: false,
        subscription_set: {},
        monitoring: false,
        closing: false,
        server_info: {},
        auth_pass: null,
        parser_module: null,
        selected_db: null,
        old_state: null,
        domain: null,
        _events: {},
        _maxListeners: 10,
        port: '6379',
        host: 'localhost' } } }
[2013-06-28 05:52:39.941] [INFO] console - [data sync component] load mapping file done.
[2013-06-28 05:52:44.706] [INFO] console - info: 'socket.io started'
[2013-06-28 05:52:44.975] [INFO] \node_modules\pomelo\node_modules\pomelo-admin\lib\consoleService.js - try to connect master: "connector", "127.0.0.1", 4005
[2013-06-28 05:52:45.107] [INFO] \node_modules\pomelo\lib\application.js - "connector-server-2" enter after start...
[2013-06-28 05:52:45.113] [INFO] \node_modules\pomelo\lib\application.js - "connector-server-2" finish start
[2013-06-28 05:53:25.668] [INFO] \node_modules\pomelo\lib\application.js - application inited: "connector-server-2"
[2013-06-28 05:53:26.615] [INFO] \node_modules\pomelo\lib\components\sync.js - test
[2013-06-28 05:53:26.616] [INFO] \node_modules\pomelo\lib\components\sync.js - { path: 'D:\\creative\\aws\\kouwanju\\game-server/app/dao/mapping',
  dbclient: 
   { init: [Function],
     shutdown: [Function],
     client: 
      { stream: [Object],
        options: [Object],
        connection_id: 1,
        connected: false,
        ready: false,
        connections: 0,
        should_buffer: false,
        command_queue_high_water: 1000,
        command_queue_low_water: 0,
        max_attempts: null,
        command_queue: [Object],
        offline_queue: [Object],
        commands_sent: 0,
        connect_timeout: false,
        enable_offline_queue: true,
        retry_max_delay: null,
        retry_timer: null,
        retry_totaltime: 0,
        retry_delay: 150,
        retry_backoff: 1.7,
        attempts: 1,
        pub_sub_mode: false,
        subscription_set: {},
        monitoring: false,
        closing: false,
        server_info: {},
        auth_pass: null,
        parser_module: null,
        selected_db: null,
        old_state: null,
        domain: null,
        _events: {},
        _maxListeners: 10,
        port: '6379',
        host: 'localhost' } } }
[2013-06-28 05:53:26.629] [INFO] console - [data sync component] load mapping file done.
[2013-06-28 05:53:30.392] [INFO] console - info: 'socket.io started'
[2013-06-28 05:53:30.625] [INFO] \node_modules\pomelo\node_modules\pomelo-admin\lib\consoleService.js - try to connect master: "connector", "127.0.0.1", 4005
[2013-06-28 05:53:30.803] [INFO] \node_modules\pomelo\lib\application.js - "connector-server-2" enter after start...
[2013-06-28 05:53:30.843] [INFO] \node_modules\pomelo\lib\application.js - "connector-server-2" finish start
[2013-06-28 05:55:09.076] [INFO] \node_modules\pomelo\lib\application.js - application inited: "connector-server-2"
[2013-06-28 05:55:09.781] [INFO] \node_modules\pomelo\lib\components\sync.js - test
[2013-06-28 05:55:09.782] [INFO] \node_modules\pomelo\lib\components\sync.js - { path: 'D:\\creative\\aws\\kouwanju\\game-server/app/dao/mapping',
  dbclient: 
   { init: [Function],
     shutdown: [Function],
     client: 
      { stream: [Object],
        options: [Object],
        connection_id: 1,
        connected: false,
        ready: false,
        connections: 0,
        should_buffer: false,
        command_queue_high_water: 1000,
        command_queue_low_water: 0,
        max_attempts: null,
        command_queue: [Object],
        offline_queue: [Object],
        commands_sent: 0,
        connect_timeout: false,
        enable_offline_queue: true,
        retry_max_delay: null,
        retry_timer: null,
        retry_totaltime: 0,
        retry_delay: 150,
        retry_backoff: 1.7,
        attempts: 1,
        pub_sub_mode: false,
        subscription_set: {},
        monitoring: false,
        closing: false,
        server_info: {},
        auth_pass: null,
        parser_module: null,
        selected_db: null,
        old_state: null,
        domain: null,
        _events: {},
        _maxListeners: 10,
        port: '6379',
        host: 'localhost' } } }
[2013-06-28 05:55:09.793] [INFO] console - [data sync component] load mapping file done.
[2013-06-28 05:55:13.957] [INFO] console - info: 'socket.io started'
[2013-06-28 05:55:14.167] [INFO] \node_modules\pomelo\node_modules\pomelo-admin\lib\consoleService.js - try to connect master: "connector", "127.0.0.1", 4005
[2013-06-28 05:56:26.935] [INFO] \node_modules\pomelo\lib\application.js - application inited: "connector-server-2"
[2013-06-28 05:56:27.359] [INFO] \node_modules\pomelo\lib\components\sync.js - test
[2013-06-28 05:56:27.360] [INFO] \node_modules\pomelo\lib\components\sync.js - { path: 'D:\\creative\\aws\\kouwanju\\game-server/app/dao/mapping',
  dbclient: 
   { init: [Function],
     shutdown: [Function],
     client: 
      { stream: [Object],
        options: [Object],
        connection_id: 1,
        connected: false,
        ready: false,
        connections: 0,
        should_buffer: false,
        command_queue_high_water: 1000,
        command_queue_low_water: 0,
        max_attempts: null,
        command_queue: [Object],
        offline_queue: [Object],
        commands_sent: 0,
        connect_timeout: false,
        enable_offline_queue: true,
        retry_max_delay: null,
        retry_timer: null,
        retry_totaltime: 0,
        retry_delay: 150,
        retry_backoff: 1.7,
        attempts: 1,
        pub_sub_mode: false,
        subscription_set: {},
        monitoring: false,
        closing: false,
        server_info: {},
        auth_pass: null,
        parser_module: null,
        selected_db: null,
        old_state: null,
        domain: null,
        _events: {},
        _maxListeners: 10,
        port: '6379',
        host: 'localhost' } } }
[2013-06-28 05:56:27.373] [INFO] console - [data sync component] load mapping file done.
[2013-06-28 05:56:29.529] [INFO] console - info: 'socket.io started'
[2013-06-28 05:56:31.739] [INFO] \node_modules\pomelo\node_modules\pomelo-admin\lib\consoleService.js - try to connect master: "connector", "127.0.0.1", 4005
[2013-06-28 05:56:32.124] [INFO] \node_modules\pomelo\lib\application.js - "connector-server-2" enter after start...
[2013-06-28 05:56:32.132] [INFO] \node_modules\pomelo\lib\application.js - "connector-server-2" finish start
[2013-06-28 05:59:11.293] [INFO] \node_modules\pomelo\lib\application.js - application inited: "connector-server-2"
[2013-06-28 05:59:12.020] [INFO] \node_modules\pomelo\lib\components\sync.js - test
[2013-06-28 05:59:12.021] [INFO] \node_modules\pomelo\lib\components\sync.js - { path: 'D:\\creative\\aws\\kouwanju\\game-server/app/dao/mapping',
  dbclient: 
   { init: [Function],
     shutdown: [Function],
     client: 
      { stream: [Object],
        options: [Object],
        connection_id: 1,
        connected: false,
        ready: false,
        connections: 0,
        should_buffer: false,
        command_queue_high_water: 1000,
        command_queue_low_water: 0,
        max_attempts: null,
        command_queue: [Object],
        offline_queue: [Object],
        commands_sent: 0,
        connect_timeout: false,
        enable_offline_queue: true,
        retry_max_delay: null,
        retry_timer: null,
        retry_totaltime: 0,
        retry_delay: 150,
        retry_backoff: 1.7,
        attempts: 1,
        pub_sub_mode: false,
        subscription_set: {},
        monitoring: false,
        closing: false,
        server_info: {},
        auth_pass: null,
        parser_module: null,
        selected_db: null,
        old_state: null,
        domain: null,
        _events: {},
        _maxListeners: 10,
        port: '6379',
        host: 'localhost' } } }
[2013-06-28 05:59:12.076] [INFO] console - [data sync component] load mapping file done.
[2013-06-28 05:59:16.715] [INFO] console - info: 'socket.io started'
[2013-06-28 05:59:16.908] [INFO] \node_modules\pomelo\node_modules\pomelo-admin\lib\consoleService.js - try to connect master: "connector", "127.0.0.1", 4005
[2013-06-28 06:01:06.091] [INFO] \node_modules\pomelo\lib\application.js - application inited: "connector-server-2"
[2013-06-28 06:01:07.216] [INFO] \node_modules\pomelo\lib\components\sync.js - test
[2013-06-28 06:01:07.217] [INFO] \node_modules\pomelo\lib\components\sync.js - { path: 'D:\\creative\\aws\\kouwanju\\game-server/app/dao/mapping',
  dbclient: 
   { init: [Function],
     shutdown: [Function],
     client: 
      { stream: [Object],
        options: [Object],
        connection_id: 1,
        connected: false,
        ready: false,
        connections: 0,
        should_buffer: false,
        command_queue_high_water: 1000,
        command_queue_low_water: 0,
        max_attempts: null,
        command_queue: [Object],
        offline_queue: [Object],
        commands_sent: 0,
        connect_timeout: false,
        enable_offline_queue: true,
        retry_max_delay: null,
        retry_timer: null,
        retry_totaltime: 0,
        retry_delay: 150,
        retry_backoff: 1.7,
        attempts: 1,
        pub_sub_mode: false,
        subscription_set: {},
        monitoring: false,
        closing: false,
        server_info: {},
        auth_pass: null,
        parser_module: null,
        selected_db: null,
        old_state: null,
        domain: null,
        _events: {},
        _maxListeners: 10,
        port: '6379',
        host: 'localhost' } } }
[2013-06-28 06:01:07.229] [INFO] console - [data sync component] load mapping file done.
[2013-06-28 06:01:10.727] [INFO] console - info: 'socket.io started'
[2013-06-28 06:01:11.573] [INFO] \node_modules\pomelo\node_modules\pomelo-admin\lib\consoleService.js - try to connect master: "connector", "127.0.0.1", 4005
[2013-06-28 06:01:12.034] [INFO] \node_modules\pomelo\lib\application.js - "connector-server-2" enter after start...
[2013-06-28 06:01:12.042] [INFO] \node_modules\pomelo\lib\application.js - "connector-server-2" finish start
[2013-06-28 06:02:40.693] [INFO] \node_modules\pomelo\lib\application.js - application inited: "connector-server-2"
[2013-06-28 06:02:41.863] [INFO] \node_modules\pomelo\lib\components\sync.js - test
[2013-06-28 06:02:41.863] [INFO] \node_modules\pomelo\lib\components\sync.js - { path: 'D:\\creative\\aws\\kouwanju\\game-server/app/dao/mapping',
  dbclient: 
   { init: [Function],
     shutdown: [Function],
     client: 
      { stream: [Object],
        options: [Object],
        connection_id: 1,
        connected: false,
        ready: false,
        connections: 0,
        should_buffer: false,
        command_queue_high_water: 1000,
        command_queue_low_water: 0,
        max_attempts: null,
        command_queue: [Object],
        offline_queue: [Object],
        commands_sent: 0,
        connect_timeout: false,
        enable_offline_queue: true,
        retry_max_delay: null,
        retry_timer: null,
        retry_totaltime: 0,
        retry_delay: 150,
        retry_backoff: 1.7,
        attempts: 1,
        pub_sub_mode: false,
        subscription_set: {},
        monitoring: false,
        closing: false,
        server_info: {},
        auth_pass: null,
        parser_module: null,
        selected_db: null,
        old_state: null,
        domain: null,
        _events: {},
        _maxListeners: 10,
        port: '6379',
        host: 'localhost' } } }
[2013-06-28 06:02:41.884] [INFO] console - [data sync component] load mapping file done.
[2013-06-28 06:02:46.140] [INFO] console - info: 'socket.io started'
[2013-06-28 06:02:46.432] [INFO] \node_modules\pomelo\node_modules\pomelo-admin\lib\consoleService.js - try to connect master: "connector", "127.0.0.1", 4005
[2013-06-28 06:05:51.347] [INFO] \node_modules\pomelo\lib\application.js - application inited: "connector-server-2"
[2013-06-28 06:05:51.982] [INFO] \node_modules\pomelo\lib\components\sync.js - test
[2013-06-28 06:05:51.983] [INFO] \node_modules\pomelo\lib\components\sync.js - { path: 'D:\\creative\\aws\\kouwanju\\game-server/app/dao/mapping',
  dbclient: 
   { init: [Function],
     shutdown: [Function],
     client: 
      { stream: [Object],
        options: [Object],
        connection_id: 1,
        connected: false,
        ready: false,
        connections: 0,
        should_buffer: false,
        command_queue_high_water: 1000,
        command_queue_low_water: 0,
        max_attempts: null,
        command_queue: [Object],
        offline_queue: [Object],
        commands_sent: 0,
        connect_timeout: false,
        enable_offline_queue: true,
        retry_max_delay: null,
        retry_timer: null,
        retry_totaltime: 0,
        retry_delay: 150,
        retry_backoff: 1.7,
        attempts: 1,
        pub_sub_mode: false,
        subscription_set: {},
        monitoring: false,
        closing: false,
        server_info: {},
        auth_pass: null,
        parser_module: null,
        selected_db: null,
        old_state: null,
        domain: null,
        _events: {},
        _maxListeners: 10,
        port: '6379',
        host: 'localhost' } } }
[2013-06-28 06:05:52.063] [INFO] console - [data sync component] load mapping file done.
[2013-06-28 06:06:00.649] [INFO] console - info: 'socket.io started'
[2013-06-28 06:06:01.483] [INFO] \node_modules\pomelo\node_modules\pomelo-admin\lib\consoleService.js - try to connect master: "connector", "127.0.0.1", 4005
[2013-06-28 06:06:01.996] [INFO] \node_modules\pomelo\lib\application.js - "connector-server-2" enter after start...
[2013-06-28 06:06:02.006] [INFO] \node_modules\pomelo\lib\application.js - "connector-server-2" finish start
[2013-06-28 09:58:40.744] [INFO] \node_modules\pomelo\lib\application.js - application inited: "connector-server-2"
[2013-06-28 09:58:41.433] [INFO] \node_modules\pomelo\lib\components\sync.js - test
[2013-06-28 09:58:41.435] [INFO] \node_modules\pomelo\lib\components\sync.js - { path: 'D:\\creative\\aws\\kouwanju\\game-server/app/dao/mapping',
  dbclient: 
   { init: [Function],
     shutdown: [Function],
     client: 
      { stream: [Object],
        options: [Object],
        connection_id: 1,
        connected: false,
        ready: false,
        connections: 0,
        should_buffer: false,
        command_queue_high_water: 1000,
        command_queue_low_water: 0,
        max_attempts: null,
        command_queue: [Object],
        offline_queue: [Object],
        commands_sent: 0,
        connect_timeout: false,
        enable_offline_queue: true,
        retry_max_delay: null,
        retry_timer: null,
        retry_totaltime: 0,
        retry_delay: 150,
        retry_backoff: 1.7,
        attempts: 1,
        pub_sub_mode: false,
        subscription_set: {},
        monitoring: false,
        closing: false,
        server_info: {},
        auth_pass: null,
        parser_module: null,
        selected_db: null,
        old_state: null,
        domain: null,
        _events: {},
        _maxListeners: 10,
        port: '6379',
        host: 'localhost' } } }
[2013-06-28 09:58:41.448] [INFO] console - [data sync component] load mapping file done.
[2013-06-28 09:59:07.454] [INFO] console - info: 'socket.io started'
[2013-06-28 09:59:08.091] [INFO] \node_modules\pomelo\node_modules\pomelo-admin\lib\consoleService.js - try to connect master: "connector", "127.0.0.1", 4005
