[2013-06-28 05:43:16.684] [INFO] \node_modules\pomelo\lib\application.js - application inited: "auth-server-1"
[2013-06-28 05:43:16.991] [INFO] \node_modules\pomelo\lib\components\sync.js - test
[2013-06-28 05:43:16.991] [INFO] \node_modules\pomelo\lib\components\sync.js - { path: 'D:\\creative\\aws\\kouwanju\\game-server/app/dao/mapping',
  dbclient: 
   { init: [Function],
     shutdown: [Function],
     client: 
      { stream: [Object],
        options: [Object],
        connection_id: 1,
        connected: false,
        ready: false,
        connections: 0,
        should_buffer: false,
        command_queue_high_water: 1000,
        command_queue_low_water: 0,
        max_attempts: null,
        command_queue: [Object],
        offline_queue: [Object],
        commands_sent: 0,
        connect_timeout: false,
        enable_offline_queue: true,
        retry_max_delay: null,
        retry_timer: null,
        retry_totaltime: 0,
        retry_delay: 150,
        retry_backoff: 1.7,
        attempts: 1,
        pub_sub_mode: false,
        subscription_set: {},
        monitoring: false,
        closing: false,
        server_info: {},
        auth_pass: null,
        parser_module: null,
        selected_db: null,
        old_state: null,
        domain: null,
        _events: {},
        _maxListeners: 10,
        port: '6379',
        host: 'localhost' } } }
[2013-06-28 05:43:16.999] [INFO] console - [data sync component] load mapping file done.
[2013-06-28 05:43:21.970] [INFO] console - info: 'socket.io started'
[2013-06-28 05:43:22.004] [INFO] \node_modules\pomelo\node_modules\pomelo-admin\lib\consoleService.js - try to connect master: "auth", "127.0.0.1", 4005
[2013-06-28 05:46:10.384] [INFO] \node_modules\pomelo\lib\application.js - application inited: "auth-server-1"
[2013-06-28 05:46:10.848] [INFO] \node_modules\pomelo\lib\components\sync.js - test
[2013-06-28 05:46:10.848] [INFO] \node_modules\pomelo\lib\components\sync.js - { path: 'D:\\creative\\aws\\kouwanju\\game-server/app/dao/mapping',
  dbclient: 
   { init: [Function],
     shutdown: [Function],
     client: 
      { stream: [Object],
        options: [Object],
        connection_id: 1,
        connected: false,
        ready: false,
        connections: 0,
        should_buffer: false,
        command_queue_high_water: 1000,
        command_queue_low_water: 0,
        max_attempts: null,
        command_queue: [Object],
        offline_queue: [Object],
        commands_sent: 0,
        connect_timeout: false,
        enable_offline_queue: true,
        retry_max_delay: null,
        retry_timer: null,
        retry_totaltime: 0,
        retry_delay: 150,
        retry_backoff: 1.7,
        attempts: 1,
        pub_sub_mode: false,
        subscription_set: {},
        monitoring: false,
        closing: false,
        server_info: {},
        auth_pass: null,
        parser_module: null,
        selected_db: null,
        old_state: null,
        domain: null,
        _events: {},
        _maxListeners: 10,
        port: '6379',
        host: 'localhost' } } }
[2013-06-28 05:46:10.981] [INFO] console - [data sync component] load mapping file done.
[2013-06-28 05:46:12.569] [INFO] console - info: 'socket.io started'
[2013-06-28 05:46:12.592] [INFO] \node_modules\pomelo\node_modules\pomelo-admin\lib\consoleService.js - try to connect master: "auth", "127.0.0.1", 4005
[2013-06-28 05:46:12.777] [INFO] \node_modules\pomelo\lib\application.js - "auth-server-1" enter after start...
[2013-06-28 05:46:12.778] [INFO] \node_modules\pomelo\lib\application.js - "auth-server-1" finish start
[2013-06-28 05:50:32.628] [INFO] \node_modules\pomelo\lib\application.js - application inited: "auth-server-1"
[2013-06-28 05:50:33.068] [INFO] \node_modules\pomelo\lib\components\sync.js - test
[2013-06-28 05:50:33.069] [INFO] \node_modules\pomelo\lib\components\sync.js - { path: 'D:\\creative\\aws\\kouwanju\\game-server/app/dao/mapping',
  dbclient: 
   { init: [Function],
     shutdown: [Function],
     client: 
      { stream: [Object],
        options: [Object],
        connection_id: 1,
        connected: false,
        ready: false,
        connections: 0,
        should_buffer: false,
        command_queue_high_water: 1000,
        command_queue_low_water: 0,
        max_attempts: null,
        command_queue: [Object],
        offline_queue: [Object],
        commands_sent: 0,
        connect_timeout: false,
        enable_offline_queue: true,
        retry_max_delay: null,
        retry_timer: null,
        retry_totaltime: 0,
        retry_delay: 150,
        retry_backoff: 1.7,
        attempts: 1,
        pub_sub_mode: false,
        subscription_set: {},
        monitoring: false,
        closing: false,
        server_info: {},
        auth_pass: null,
        parser_module: null,
        selected_db: null,
        old_state: null,
        domain: null,
        _events: {},
        _maxListeners: 10,
        port: '6379',
        host: 'localhost' } } }
[2013-06-28 05:50:33.145] [INFO] console - [data sync component] load mapping file done.
[2013-06-28 05:50:35.599] [INFO] console - info: 'socket.io started'
[2013-06-28 05:50:35.697] [INFO] \node_modules\pomelo\node_modules\pomelo-admin\lib\consoleService.js - try to connect master: "auth", "127.0.0.1", 4005
[2013-06-28 05:52:41.440] [INFO] \node_modules\pomelo\lib\application.js - application inited: "auth-server-1"
[2013-06-28 05:52:41.803] [INFO] \node_modules\pomelo\lib\components\sync.js - test
[2013-06-28 05:52:41.829] [INFO] \node_modules\pomelo\lib\components\sync.js - { path: 'D:\\creative\\aws\\kouwanju\\game-server/app/dao/mapping',
  dbclient: 
   { init: [Function],
     shutdown: [Function],
     client: 
      { stream: [Object],
        options: [Object],
        connection_id: 1,
        connected: false,
        ready: false,
        connections: 0,
        should_buffer: false,
        command_queue_high_water: 1000,
        command_queue_low_water: 0,
        max_attempts: null,
        command_queue: [Object],
        offline_queue: [Object],
        commands_sent: 0,
        connect_timeout: false,
        enable_offline_queue: true,
        retry_max_delay: null,
        retry_timer: null,
        retry_totaltime: 0,
        retry_delay: 150,
        retry_backoff: 1.7,
        attempts: 1,
        pub_sub_mode: false,
        subscription_set: {},
        monitoring: false,
        closing: false,
        server_info: {},
        auth_pass: null,
        parser_module: null,
        selected_db: null,
        old_state: null,
        domain: null,
        _events: {},
        _maxListeners: 10,
        port: '6379',
        host: 'localhost' } } }
[2013-06-28 05:52:41.845] [INFO] console - [data sync component] load mapping file done.
[2013-06-28 05:52:43.998] [INFO] console - info: 'socket.io started'
[2013-06-28 05:52:44.063] [INFO] \node_modules\pomelo\node_modules\pomelo-admin\lib\consoleService.js - try to connect master: "auth", "127.0.0.1", 4005
[2013-06-28 05:52:44.339] [INFO] \node_modules\pomelo\lib\application.js - "auth-server-1" enter after start...
[2013-06-28 05:52:44.345] [INFO] \node_modules\pomelo\lib\application.js - "auth-server-1" finish start
[2013-06-28 05:53:20.281] [INFO] \node_modules\pomelo\lib\application.js - application inited: "auth-server-1"
[2013-06-28 05:53:20.625] [INFO] \node_modules\pomelo\lib\components\sync.js - test
[2013-06-28 05:53:20.625] [INFO] \node_modules\pomelo\lib\components\sync.js - { path: 'D:\\creative\\aws\\kouwanju\\game-server/app/dao/mapping',
  dbclient: 
   { init: [Function],
     shutdown: [Function],
     client: 
      { stream: [Object],
        options: [Object],
        connection_id: 1,
        connected: false,
        ready: false,
        connections: 0,
        should_buffer: false,
        command_queue_high_water: 1000,
        command_queue_low_water: 0,
        max_attempts: null,
        command_queue: [Object],
        offline_queue: [Object],
        commands_sent: 0,
        connect_timeout: false,
        enable_offline_queue: true,
        retry_max_delay: null,
        retry_timer: null,
        retry_totaltime: 0,
        retry_delay: 150,
        retry_backoff: 1.7,
        attempts: 1,
        pub_sub_mode: false,
        subscription_set: {},
        monitoring: false,
        closing: false,
        server_info: {},
        auth_pass: null,
        parser_module: null,
        selected_db: null,
        old_state: null,
        domain: null,
        _events: {},
        _maxListeners: 10,
        port: '6379',
        host: 'localhost' } } }
[2013-06-28 05:53:20.636] [INFO] console - [data sync component] load mapping file done.
[2013-06-28 05:53:22.066] [INFO] console - info: 'socket.io started'
[2013-06-28 05:53:22.136] [INFO] \node_modules\pomelo\node_modules\pomelo-admin\lib\consoleService.js - try to connect master: "auth", "127.0.0.1", 4005
[2013-06-28 05:53:22.476] [INFO] \node_modules\pomelo\lib\application.js - "auth-server-1" enter after start...
[2013-06-28 05:53:22.477] [INFO] \node_modules\pomelo\lib\application.js - "auth-server-1" finish start
[2013-06-28 05:55:10.171] [INFO] \node_modules\pomelo\lib\application.js - application inited: "auth-server-1"
[2013-06-28 05:55:10.854] [INFO] \node_modules\pomelo\lib\components\sync.js - test
[2013-06-28 05:55:10.855] [INFO] \node_modules\pomelo\lib\components\sync.js - { path: 'D:\\creative\\aws\\kouwanju\\game-server/app/dao/mapping',
  dbclient: 
   { init: [Function],
     shutdown: [Function],
     client: 
      { stream: [Object],
        options: [Object],
        connection_id: 1,
        connected: false,
        ready: false,
        connections: 0,
        should_buffer: false,
        command_queue_high_water: 1000,
        command_queue_low_water: 0,
        max_attempts: null,
        command_queue: [Object],
        offline_queue: [Object],
        commands_sent: 0,
        connect_timeout: false,
        enable_offline_queue: true,
        retry_max_delay: null,
        retry_timer: null,
        retry_totaltime: 0,
        retry_delay: 150,
        retry_backoff: 1.7,
        attempts: 1,
        pub_sub_mode: false,
        subscription_set: {},
        monitoring: false,
        closing: false,
        server_info: {},
        auth_pass: null,
        parser_module: null,
        selected_db: null,
        old_state: null,
        domain: null,
        _events: {},
        _maxListeners: 10,
        port: '6379',
        host: 'localhost' } } }
[2013-06-28 05:55:10.866] [INFO] console - [data sync component] load mapping file done.
[2013-06-28 05:55:14.208] [INFO] console - info: 'socket.io started'
[2013-06-28 05:55:14.248] [INFO] \node_modules\pomelo\node_modules\pomelo-admin\lib\consoleService.js - try to connect master: "auth", "127.0.0.1", 4005
[2013-06-28 05:55:14.497] [INFO] \node_modules\pomelo\lib\application.js - "auth-server-1" enter after start...
[2013-06-28 05:55:14.503] [INFO] \node_modules\pomelo\lib\application.js - "auth-server-1" finish start
[2013-06-28 05:56:29.811] [INFO] \node_modules\pomelo\lib\application.js - application inited: "auth-server-1"
[2013-06-28 05:56:31.395] [INFO] \node_modules\pomelo\lib\components\sync.js - test
[2013-06-28 05:56:31.396] [INFO] \node_modules\pomelo\lib\components\sync.js - { path: 'D:\\creative\\aws\\kouwanju\\game-server/app/dao/mapping',
  dbclient: 
   { init: [Function],
     shutdown: [Function],
     client: 
      { stream: [Object],
        options: [Object],
        connection_id: 1,
        connected: false,
        ready: false,
        connections: 0,
        should_buffer: false,
        command_queue_high_water: 1000,
        command_queue_low_water: 0,
        max_attempts: null,
        command_queue: [Object],
        offline_queue: [Object],
        commands_sent: 0,
        connect_timeout: false,
        enable_offline_queue: true,
        retry_max_delay: null,
        retry_timer: null,
        retry_totaltime: 0,
        retry_delay: 150,
        retry_backoff: 1.7,
        attempts: 1,
        pub_sub_mode: false,
        subscription_set: {},
        monitoring: false,
        closing: false,
        server_info: {},
        auth_pass: null,
        parser_module: null,
        selected_db: null,
        old_state: null,
        domain: null,
        _events: {},
        _maxListeners: 10,
        port: '6379',
        host: 'localhost' } } }
[2013-06-28 05:56:31.410] [INFO] console - [data sync component] load mapping file done.
[2013-06-28 05:56:34.784] [INFO] console - info: 'socket.io started'
[2013-06-28 05:56:34.939] [INFO] \node_modules\pomelo\node_modules\pomelo-admin\lib\consoleService.js - try to connect master: "auth", "127.0.0.1", 4005
[2013-06-28 05:59:11.879] [INFO] \node_modules\pomelo\lib\application.js - application inited: "auth-server-1"
[2013-06-28 05:59:12.586] [INFO] \node_modules\pomelo\lib\components\sync.js - test
[2013-06-28 05:59:12.588] [INFO] \node_modules\pomelo\lib\components\sync.js - { path: 'D:\\creative\\aws\\kouwanju\\game-server/app/dao/mapping',
  dbclient: 
   { init: [Function],
     shutdown: [Function],
     client: 
      { stream: [Object],
        options: [Object],
        connection_id: 1,
        connected: false,
        ready: false,
        connections: 0,
        should_buffer: false,
        command_queue_high_water: 1000,
        command_queue_low_water: 0,
        max_attempts: null,
        command_queue: [Object],
        offline_queue: [Object],
        commands_sent: 0,
        connect_timeout: false,
        enable_offline_queue: true,
        retry_max_delay: null,
        retry_timer: null,
        retry_totaltime: 0,
        retry_delay: 150,
        retry_backoff: 1.7,
        attempts: 1,
        pub_sub_mode: false,
        subscription_set: {},
        monitoring: false,
        closing: false,
        server_info: {},
        auth_pass: null,
        parser_module: null,
        selected_db: null,
        old_state: null,
        domain: null,
        _events: {},
        _maxListeners: 10,
        port: '6379',
        host: 'localhost' } } }
[2013-06-28 05:59:12.600] [INFO] console - [data sync component] load mapping file done.
[2013-06-28 05:59:16.351] [INFO] console - info: 'socket.io started'
[2013-06-28 05:59:16.390] [INFO] \node_modules\pomelo\node_modules\pomelo-admin\lib\consoleService.js - try to connect master: "auth", "127.0.0.1", 4005
[2013-06-28 06:01:10.439] [INFO] \node_modules\pomelo\lib\application.js - application inited: "auth-server-1"
[2013-06-28 06:01:11.268] [INFO] \node_modules\pomelo\lib\components\sync.js - test
[2013-06-28 06:01:11.269] [INFO] \node_modules\pomelo\lib\components\sync.js - { path: 'D:\\creative\\aws\\kouwanju\\game-server/app/dao/mapping',
  dbclient: 
   { init: [Function],
     shutdown: [Function],
     client: 
      { stream: [Object],
        options: [Object],
        connection_id: 1,
        connected: false,
        ready: false,
        connections: 0,
        should_buffer: false,
        command_queue_high_water: 1000,
        command_queue_low_water: 0,
        max_attempts: null,
        command_queue: [Object],
        offline_queue: [Object],
        commands_sent: 0,
        connect_timeout: false,
        enable_offline_queue: true,
        retry_max_delay: null,
        retry_timer: null,
        retry_totaltime: 0,
        retry_delay: 150,
        retry_backoff: 1.7,
        attempts: 1,
        pub_sub_mode: false,
        subscription_set: {},
        monitoring: false,
        closing: false,
        server_info: {},
        auth_pass: null,
        parser_module: null,
        selected_db: null,
        old_state: null,
        domain: null,
        _events: {},
        _maxListeners: 10,
        port: '6379',
        host: 'localhost' } } }
[2013-06-28 06:01:11.284] [INFO] console - [data sync component] load mapping file done.
[2013-06-28 06:01:13.606] [INFO] console - info: 'socket.io started'
[2013-06-28 06:01:13.652] [INFO] \node_modules\pomelo\node_modules\pomelo-admin\lib\consoleService.js - try to connect master: "auth", "127.0.0.1", 4005
[2013-06-28 06:02:41.526] [INFO] \node_modules\pomelo\lib\application.js - application inited: "auth-server-1"
[2013-06-28 06:02:42.301] [INFO] \node_modules\pomelo\lib\components\sync.js - test
[2013-06-28 06:02:42.302] [INFO] \node_modules\pomelo\lib\components\sync.js - { path: 'D:\\creative\\aws\\kouwanju\\game-server/app/dao/mapping',
  dbclient: 
   { init: [Function],
     shutdown: [Function],
     client: 
      { stream: [Object],
        options: [Object],
        connection_id: 1,
        connected: false,
        ready: false,
        connections: 0,
        should_buffer: false,
        command_queue_high_water: 1000,
        command_queue_low_water: 0,
        max_attempts: null,
        command_queue: [Object],
        offline_queue: [Object],
        commands_sent: 0,
        connect_timeout: false,
        enable_offline_queue: true,
        retry_max_delay: null,
        retry_timer: null,
        retry_totaltime: 0,
        retry_delay: 150,
        retry_backoff: 1.7,
        attempts: 1,
        pub_sub_mode: false,
        subscription_set: {},
        monitoring: false,
        closing: false,
        server_info: {},
        auth_pass: null,
        parser_module: null,
        selected_db: null,
        old_state: null,
        domain: null,
        _events: {},
        _maxListeners: 10,
        port: '6379',
        host: 'localhost' } } }
[2013-06-28 06:02:42.314] [INFO] console - [data sync component] load mapping file done.
[2013-06-28 06:02:46.303] [INFO] console - info: 'socket.io started'
[2013-06-28 06:02:46.346] [INFO] \node_modules\pomelo\node_modules\pomelo-admin\lib\consoleService.js - try to connect master: "auth", "127.0.0.1", 4005
[2013-06-28 06:05:46.638] [INFO] \node_modules\pomelo\lib\application.js - application inited: "auth-server-1"
[2013-06-28 06:05:46.982] [INFO] \node_modules\pomelo\lib\components\sync.js - test
[2013-06-28 06:05:46.983] [INFO] \node_modules\pomelo\lib\components\sync.js - { path: 'D:\\creative\\aws\\kouwanju\\game-server/app/dao/mapping',
  dbclient: 
   { init: [Function],
     shutdown: [Function],
     client: 
      { stream: [Object],
        options: [Object],
        connection_id: 1,
        connected: false,
        ready: false,
        connections: 0,
        should_buffer: false,
        command_queue_high_water: 1000,
        command_queue_low_water: 0,
        max_attempts: null,
        command_queue: [Object],
        offline_queue: [Object],
        commands_sent: 0,
        connect_timeout: false,
        enable_offline_queue: true,
        retry_max_delay: null,
        retry_timer: null,
        retry_totaltime: 0,
        retry_delay: 150,
        retry_backoff: 1.7,
        attempts: 1,
        pub_sub_mode: false,
        subscription_set: {},
        monitoring: false,
        closing: false,
        server_info: {},
        auth_pass: null,
        parser_module: null,
        selected_db: null,
        old_state: null,
        domain: null,
        _events: {},
        _maxListeners: 10,
        port: '6379',
        host: 'localhost' } } }
[2013-06-28 06:05:46.998] [INFO] console - [data sync component] load mapping file done.
[2013-06-28 06:05:56.682] [INFO] console - info: 'socket.io started'
[2013-06-28 06:05:56.733] [INFO] \node_modules\pomelo\node_modules\pomelo-admin\lib\consoleService.js - try to connect master: "auth", "127.0.0.1", 4005
[2013-06-28 09:58:40.189] [INFO] \node_modules\pomelo\lib\application.js - application inited: "auth-server-1"
[2013-06-28 09:58:41.485] [INFO] \node_modules\pomelo\lib\components\sync.js - test
[2013-06-28 09:58:41.486] [INFO] \node_modules\pomelo\lib\components\sync.js - { path: 'D:\\creative\\aws\\kouwanju\\game-server/app/dao/mapping',
  dbclient: 
   { init: [Function],
     shutdown: [Function],
     client: 
      { stream: [Object],
        options: [Object],
        connection_id: 1,
        connected: false,
        ready: false,
        connections: 0,
        should_buffer: false,
        command_queue_high_water: 1000,
        command_queue_low_water: 0,
        max_attempts: null,
        command_queue: [Object],
        offline_queue: [Object],
        commands_sent: 0,
        connect_timeout: false,
        enable_offline_queue: true,
        retry_max_delay: null,
        retry_timer: null,
        retry_totaltime: 0,
        retry_delay: 150,
        retry_backoff: 1.7,
        attempts: 1,
        pub_sub_mode: false,
        subscription_set: {},
        monitoring: false,
        closing: false,
        server_info: {},
        auth_pass: null,
        parser_module: null,
        selected_db: null,
        old_state: null,
        domain: null,
        _events: {},
        _maxListeners: 10,
        port: '6379',
        host: 'localhost' } } }
[2013-06-28 09:58:41.667] [INFO] console - [data sync component] load mapping file done.
[2013-06-28 09:58:52.815] [INFO] console - info: 'socket.io started'
[2013-06-28 09:58:53.024] [INFO] \node_modules\pomelo\node_modules\pomelo-admin\lib\consoleService.js - try to connect master: "auth", "127.0.0.1", 4005
[2013-06-28 09:58:53.391] [INFO] \node_modules\pomelo\lib\application.js - "auth-server-1" enter after start...
[2013-06-28 09:58:53.393] [INFO] \node_modules\pomelo\lib\application.js - "auth-server-1" finish start
