[2013-06-20 19:32:32.196] [INFO] \node_modules\pomelo\lib\application.js - application inited: "connector-server-1"
[2013-06-20 19:32:34.838] [INFO] console - info: 'socket.io started'
[2013-06-20 19:32:34.877] [INFO] \node_modules\pomelo\node_modules\pomelo-admin\lib\consoleService.js - try to connect master: "connector", "127.0.0.1", 3005
[2013-06-20 19:36:48.023] [INFO] \node_modules\pomelo\lib\application.js - application inited: "connector-server-1"
[2013-06-20 19:36:49.412] [INFO] console - info: 'socket.io started'
[2013-06-20 19:36:49.458] [INFO] \node_modules\pomelo\node_modules\pomelo-admin\lib\consoleService.js - try to connect master: "connector", "127.0.0.1", 3005
[2013-06-20 19:44:10.266] [INFO] \node_modules\pomelo\lib\application.js - application inited: "connector-server-1"
[2013-06-20 19:44:11.921] [INFO] console - info: 'socket.io started'
[2013-06-20 19:44:11.980] [INFO] \node_modules\pomelo\node_modules\pomelo-admin\lib\consoleService.js - try to connect master: "connector", "127.0.0.1", 3005
[2013-06-20 19:44:12.139] [INFO] \node_modules\pomelo\lib\application.js - "connector-server-1" enter after start...
[2013-06-20 19:44:12.148] [INFO] \node_modules\pomelo\lib\application.js - "connector-server-1" finish start
[2013-06-28 05:11:39.263] [INFO] \node_modules\pomelo\lib\application.js - application inited: "connector-server-1"
[2013-06-28 05:11:39.361] [INFO] \node_modules\pomelo\lib\components\sync.js - test
[2013-06-28 05:11:39.362] [INFO] \node_modules\pomelo\lib\components\sync.js - { path: 'D:\\creative\\aws\\kouwanju\\game-server/app/dao/mapping',
  redisclient: undefined }
[2013-06-28 05:11:39.366] [INFO] console - [data sync component] load mapping file done.
[2013-06-28 05:11:44.171] [INFO] console - info: 'socket.io started'
[2013-06-28 05:11:44.273] [INFO] \node_modules\pomelo\node_modules\pomelo-admin\lib\consoleService.js - try to connect master: "connector", "127.0.0.1", 3005
[2013-06-28 05:11:44.373] [INFO] \node_modules\pomelo\lib\application.js - "connector-server-1" enter after start...
[2013-06-28 05:11:44.379] [INFO] \node_modules\pomelo\lib\application.js - "connector-server-1" finish start
[2013-06-28 05:14:18.393] [INFO] \node_modules\pomelo\lib\application.js - application inited: "connector-server-1"
[2013-06-28 05:14:18.491] [INFO] \node_modules\pomelo\lib\components\sync.js - test
[2013-06-28 05:14:18.492] [INFO] \node_modules\pomelo\lib\components\sync.js - { path: 'D:\\creative\\aws\\kouwanju\\game-server/app/dao/mapping',
  dbclient: 
   { init: [Function],
     shutdown: [Function],
     client: 
      { stream: [Object],
        options: [Object],
        connection_id: 1,
        connected: false,
        ready: false,
        connections: 0,
        should_buffer: false,
        command_queue_high_water: 1000,
        command_queue_low_water: 0,
        max_attempts: null,
        command_queue: [Object],
        offline_queue: [Object],
        commands_sent: 0,
        connect_timeout: false,
        enable_offline_queue: true,
        retry_max_delay: null,
        retry_timer: null,
        retry_totaltime: 0,
        retry_delay: 150,
        retry_backoff: 1.7,
        attempts: 1,
        pub_sub_mode: false,
        subscription_set: {},
        monitoring: false,
        closing: false,
        server_info: {},
        auth_pass: null,
        parser_module: null,
        selected_db: null,
        old_state: null,
        domain: null,
        _events: {},
        _maxListeners: 10,
        port: '6379',
        host: 'localhost' } } }
[2013-06-28 05:14:18.498] [INFO] console - [data sync component] load mapping file done.
[2013-06-28 05:14:19.234] [INFO] console - info: 'socket.io started'
[2013-06-28 05:14:19.287] [INFO] \node_modules\pomelo\node_modules\pomelo-admin\lib\consoleService.js - try to connect master: "connector", "127.0.0.1", 3005
[2013-06-28 05:43:17.559] [INFO] \node_modules\pomelo\lib\application.js - application inited: "connector-server-1"
[2013-06-28 05:43:17.697] [INFO] \node_modules\pomelo\lib\components\sync.js - test
[2013-06-28 05:43:17.711] [INFO] \node_modules\pomelo\lib\components\sync.js - { path: 'D:\\creative\\aws\\kouwanju\\game-server/app/dao/mapping',
  dbclient: 
   { init: [Function],
     shutdown: [Function],
     client: 
      { stream: [Object],
        options: [Object],
        connection_id: 1,
        connected: false,
        ready: false,
        connections: 0,
        should_buffer: false,
        command_queue_high_water: 1000,
        command_queue_low_water: 0,
        max_attempts: null,
        command_queue: [Object],
        offline_queue: [Object],
        commands_sent: 0,
        connect_timeout: false,
        enable_offline_queue: true,
        retry_max_delay: null,
        retry_timer: null,
        retry_totaltime: 0,
        retry_delay: 150,
        retry_backoff: 1.7,
        attempts: 1,
        pub_sub_mode: false,
        subscription_set: {},
        monitoring: false,
        closing: false,
        server_info: {},
        auth_pass: null,
        parser_module: null,
        selected_db: null,
        old_state: null,
        domain: null,
        _events: {},
        _maxListeners: 10,
        port: '6379',
        host: 'localhost' } } }
[2013-06-28 05:43:17.760] [INFO] console - [data sync component] load mapping file done.
[2013-06-28 05:43:22.723] [INFO] console - info: 'socket.io started'
[2013-06-28 05:43:23.005] [INFO] \node_modules\pomelo\node_modules\pomelo-admin\lib\consoleService.js - try to connect master: "connector", "127.0.0.1", 4005
[2013-06-28 05:43:23.125] [INFO] \node_modules\pomelo\lib\application.js - "connector-server-1" enter after start...
[2013-06-28 05:43:23.145] [INFO] \node_modules\pomelo\lib\application.js - "connector-server-1" finish start
[2013-06-28 05:46:07.637] [INFO] \node_modules\pomelo\lib\application.js - application inited: "connector-server-1"
[2013-06-28 05:46:08.002] [INFO] \node_modules\pomelo\lib\components\sync.js - test
[2013-06-28 05:46:08.003] [INFO] \node_modules\pomelo\lib\components\sync.js - { path: 'D:\\creative\\aws\\kouwanju\\game-server/app/dao/mapping',
  dbclient: 
   { init: [Function],
     shutdown: [Function],
     client: 
      { stream: [Object],
        options: [Object],
        connection_id: 1,
        connected: false,
        ready: false,
        connections: 0,
        should_buffer: false,
        command_queue_high_water: 1000,
        command_queue_low_water: 0,
        max_attempts: null,
        command_queue: [Object],
        offline_queue: [Object],
        commands_sent: 0,
        connect_timeout: false,
        enable_offline_queue: true,
        retry_max_delay: null,
        retry_timer: null,
        retry_totaltime: 0,
        retry_delay: 150,
        retry_backoff: 1.7,
        attempts: 1,
        pub_sub_mode: false,
        subscription_set: {},
        monitoring: false,
        closing: false,
        server_info: {},
        auth_pass: null,
        parser_module: null,
        selected_db: null,
        old_state: null,
        domain: null,
        _events: {},
        _maxListeners: 10,
        port: '6379',
        host: 'localhost' } } }
[2013-06-28 05:46:08.010] [INFO] console - [data sync component] load mapping file done.
[2013-06-28 05:46:11.069] [INFO] console - info: 'socket.io started'
[2013-06-28 05:46:11.452] [INFO] \node_modules\pomelo\node_modules\pomelo-admin\lib\consoleService.js - try to connect master: "connector", "127.0.0.1", 4005
[2013-06-28 05:46:11.646] [INFO] \node_modules\pomelo\lib\application.js - "connector-server-1" enter after start...
[2013-06-28 05:46:11.650] [INFO] \node_modules\pomelo\lib\application.js - "connector-server-1" finish start
[2013-06-28 05:50:32.975] [INFO] \node_modules\pomelo\lib\application.js - application inited: "connector-server-1"
[2013-06-28 05:50:33.388] [INFO] \node_modules\pomelo\lib\components\sync.js - test
[2013-06-28 05:50:33.389] [INFO] \node_modules\pomelo\lib\components\sync.js - { path: 'D:\\creative\\aws\\kouwanju\\game-server/app/dao/mapping',
  dbclient: 
   { init: [Function],
     shutdown: [Function],
     client: 
      { stream: [Object],
        options: [Object],
        connection_id: 1,
        connected: false,
        ready: false,
        connections: 0,
        should_buffer: false,
        command_queue_high_water: 1000,
        command_queue_low_water: 0,
        max_attempts: null,
        command_queue: [Object],
        offline_queue: [Object],
        commands_sent: 0,
        connect_timeout: false,
        enable_offline_queue: true,
        retry_max_delay: null,
        retry_timer: null,
        retry_totaltime: 0,
        retry_delay: 150,
        retry_backoff: 1.7,
        attempts: 1,
        pub_sub_mode: false,
        subscription_set: {},
        monitoring: false,
        closing: false,
        server_info: {},
        auth_pass: null,
        parser_module: null,
        selected_db: null,
        old_state: null,
        domain: null,
        _events: {},
        _maxListeners: 10,
        port: '6379',
        host: 'localhost' } } }
[2013-06-28 05:50:33.396] [INFO] console - [data sync component] load mapping file done.
[2013-06-28 05:50:36.172] [INFO] console - info: 'socket.io started'
[2013-06-28 05:50:36.375] [INFO] \node_modules\pomelo\node_modules\pomelo-admin\lib\consoleService.js - try to connect master: "connector", "127.0.0.1", 4005
[2013-06-28 05:50:36.526] [INFO] \node_modules\pomelo\lib\application.js - "connector-server-1" enter after start...
[2013-06-28 05:50:36.531] [INFO] \node_modules\pomelo\lib\application.js - "connector-server-1" finish start
[2013-06-28 05:52:41.981] [INFO] \node_modules\pomelo\lib\application.js - application inited: "connector-server-1"
[2013-06-28 05:52:42.620] [INFO] \node_modules\pomelo\lib\components\sync.js - test
[2013-06-28 05:52:42.621] [INFO] \node_modules\pomelo\lib\components\sync.js - { path: 'D:\\creative\\aws\\kouwanju\\game-server/app/dao/mapping',
  dbclient: 
   { init: [Function],
     shutdown: [Function],
     client: 
      { stream: [Object],
        options: [Object],
        connection_id: 1,
        connected: false,
        ready: false,
        connections: 0,
        should_buffer: false,
        command_queue_high_water: 1000,
        command_queue_low_water: 0,
        max_attempts: null,
        command_queue: [Object],
        offline_queue: [Object],
        commands_sent: 0,
        connect_timeout: false,
        enable_offline_queue: true,
        retry_max_delay: null,
        retry_timer: null,
        retry_totaltime: 0,
        retry_delay: 150,
        retry_backoff: 1.7,
        attempts: 1,
        pub_sub_mode: false,
        subscription_set: {},
        monitoring: false,
        closing: false,
        server_info: {},
        auth_pass: null,
        parser_module: null,
        selected_db: null,
        old_state: null,
        domain: null,
        _events: {},
        _maxListeners: 10,
        port: '6379',
        host: 'localhost' } } }
[2013-06-28 05:52:42.632] [INFO] console - [data sync component] load mapping file done.
[2013-06-28 05:52:44.017] [INFO] console - info: 'socket.io started'
[2013-06-28 05:52:44.153] [INFO] \node_modules\pomelo\node_modules\pomelo-admin\lib\consoleService.js - try to connect master: "connector", "127.0.0.1", 4005
[2013-06-28 05:52:44.247] [INFO] \node_modules\pomelo\lib\application.js - "connector-server-1" enter after start...
[2013-06-28 05:52:44.252] [INFO] \node_modules\pomelo\lib\application.js - "connector-server-1" finish start
[2013-06-28 05:53:25.439] [INFO] \node_modules\pomelo\lib\application.js - application inited: "connector-server-1"
[2013-06-28 05:53:26.170] [INFO] \node_modules\pomelo\lib\components\sync.js - test
[2013-06-28 05:53:26.172] [INFO] \node_modules\pomelo\lib\components\sync.js - { path: 'D:\\creative\\aws\\kouwanju\\game-server/app/dao/mapping',
  dbclient: 
   { init: [Function],
     shutdown: [Function],
     client: 
      { stream: [Object],
        options: [Object],
        connection_id: 1,
        connected: false,
        ready: false,
        connections: 0,
        should_buffer: false,
        command_queue_high_water: 1000,
        command_queue_low_water: 0,
        max_attempts: null,
        command_queue: [Object],
        offline_queue: [Object],
        commands_sent: 0,
        connect_timeout: false,
        enable_offline_queue: true,
        retry_max_delay: null,
        retry_timer: null,
        retry_totaltime: 0,
        retry_delay: 150,
        retry_backoff: 1.7,
        attempts: 1,
        pub_sub_mode: false,
        subscription_set: {},
        monitoring: false,
        closing: false,
        server_info: {},
        auth_pass: null,
        parser_module: null,
        selected_db: null,
        old_state: null,
        domain: null,
        _events: {},
        _maxListeners: 10,
        port: '6379',
        host: 'localhost' } } }
[2013-06-28 05:53:26.184] [INFO] console - [data sync component] load mapping file done.
[2013-06-28 05:53:29.904] [INFO] console - info: 'socket.io started'
[2013-06-28 05:53:30.096] [INFO] \node_modules\pomelo\node_modules\pomelo-admin\lib\consoleService.js - try to connect master: "connector", "127.0.0.1", 4005
[2013-06-28 05:55:09.417] [INFO] \node_modules\pomelo\lib\application.js - application inited: "connector-server-1"
[2013-06-28 05:55:10.013] [INFO] \node_modules\pomelo\lib\components\sync.js - test
[2013-06-28 05:55:10.014] [INFO] \node_modules\pomelo\lib\components\sync.js - { path: 'D:\\creative\\aws\\kouwanju\\game-server/app/dao/mapping',
  dbclient: 
   { init: [Function],
     shutdown: [Function],
     client: 
      { stream: [Object],
        options: [Object],
        connection_id: 1,
        connected: false,
        ready: false,
        connections: 0,
        should_buffer: false,
        command_queue_high_water: 1000,
        command_queue_low_water: 0,
        max_attempts: null,
        command_queue: [Object],
        offline_queue: [Object],
        commands_sent: 0,
        connect_timeout: false,
        enable_offline_queue: true,
        retry_max_delay: null,
        retry_timer: null,
        retry_totaltime: 0,
        retry_delay: 150,
        retry_backoff: 1.7,
        attempts: 1,
        pub_sub_mode: false,
        subscription_set: {},
        monitoring: false,
        closing: false,
        server_info: {},
        auth_pass: null,
        parser_module: null,
        selected_db: null,
        old_state: null,
        domain: null,
        _events: {},
        _maxListeners: 10,
        port: '6379',
        host: 'localhost' } } }
[2013-06-28 05:55:10.026] [INFO] console - [data sync component] load mapping file done.
[2013-06-28 05:55:13.733] [INFO] console - info: 'socket.io started'
[2013-06-28 05:55:13.997] [INFO] \node_modules\pomelo\node_modules\pomelo-admin\lib\consoleService.js - try to connect master: "connector", "127.0.0.1", 4005
[2013-06-28 05:56:30.922] [INFO] \node_modules\pomelo\lib\application.js - application inited: "connector-server-1"
[2013-06-28 05:56:31.772] [INFO] \node_modules\pomelo\lib\components\sync.js - test
[2013-06-28 05:56:31.772] [INFO] \node_modules\pomelo\lib\components\sync.js - { path: 'D:\\creative\\aws\\kouwanju\\game-server/app/dao/mapping',
  dbclient: 
   { init: [Function],
     shutdown: [Function],
     client: 
      { stream: [Object],
        options: [Object],
        connection_id: 1,
        connected: false,
        ready: false,
        connections: 0,
        should_buffer: false,
        command_queue_high_water: 1000,
        command_queue_low_water: 0,
        max_attempts: null,
        command_queue: [Object],
        offline_queue: [Object],
        commands_sent: 0,
        connect_timeout: false,
        enable_offline_queue: true,
        retry_max_delay: null,
        retry_timer: null,
        retry_totaltime: 0,
        retry_delay: 150,
        retry_backoff: 1.7,
        attempts: 1,
        pub_sub_mode: false,
        subscription_set: {},
        monitoring: false,
        closing: false,
        server_info: {},
        auth_pass: null,
        parser_module: null,
        selected_db: null,
        old_state: null,
        domain: null,
        _events: {},
        _maxListeners: 10,
        port: '6379',
        host: 'localhost' } } }
[2013-06-28 05:56:31.786] [INFO] console - [data sync component] load mapping file done.
[2013-06-28 05:56:35.440] [INFO] console - info: 'socket.io started'
[2013-06-28 05:56:35.646] [INFO] \node_modules\pomelo\node_modules\pomelo-admin\lib\consoleService.js - try to connect master: "connector", "127.0.0.1", 4005
[2013-06-28 05:59:08.764] [INFO] \node_modules\pomelo\lib\application.js - application inited: "connector-server-1"
[2013-06-28 05:59:09.291] [INFO] \node_modules\pomelo\lib\components\sync.js - test
[2013-06-28 05:59:09.292] [INFO] \node_modules\pomelo\lib\components\sync.js - { path: 'D:\\creative\\aws\\kouwanju\\game-server/app/dao/mapping',
  dbclient: 
   { init: [Function],
     shutdown: [Function],
     client: 
      { stream: [Object],
        options: [Object],
        connection_id: 1,
        connected: false,
        ready: false,
        connections: 0,
        should_buffer: false,
        command_queue_high_water: 1000,
        command_queue_low_water: 0,
        max_attempts: null,
        command_queue: [Object],
        offline_queue: [Object],
        commands_sent: 0,
        connect_timeout: false,
        enable_offline_queue: true,
        retry_max_delay: null,
        retry_timer: null,
        retry_totaltime: 0,
        retry_delay: 150,
        retry_backoff: 1.7,
        attempts: 1,
        pub_sub_mode: false,
        subscription_set: {},
        monitoring: false,
        closing: false,
        server_info: {},
        auth_pass: null,
        parser_module: null,
        selected_db: null,
        old_state: null,
        domain: null,
        _events: {},
        _maxListeners: 10,
        port: '6379',
        host: 'localhost' } } }
[2013-06-28 05:59:09.305] [INFO] console - [data sync component] load mapping file done.
[2013-06-28 05:59:13.918] [INFO] console - info: 'socket.io started'
[2013-06-28 05:59:14.167] [INFO] \node_modules\pomelo\node_modules\pomelo-admin\lib\consoleService.js - try to connect master: "connector", "127.0.0.1", 4005
[2013-06-28 06:01:11.037] [INFO] \node_modules\pomelo\lib\application.js - application inited: "connector-server-1"
[2013-06-28 06:01:11.798] [INFO] \node_modules\pomelo\lib\components\sync.js - test
[2013-06-28 06:01:11.911] [INFO] \node_modules\pomelo\lib\components\sync.js - { path: 'D:\\creative\\aws\\kouwanju\\game-server/app/dao/mapping',
  dbclient: 
   { init: [Function],
     shutdown: [Function],
     client: 
      { stream: [Object],
        options: [Object],
        connection_id: 1,
        connected: false,
        ready: false,
        connections: 0,
        should_buffer: false,
        command_queue_high_water: 1000,
        command_queue_low_water: 0,
        max_attempts: null,
        command_queue: [Object],
        offline_queue: [Object],
        commands_sent: 0,
        connect_timeout: false,
        enable_offline_queue: true,
        retry_max_delay: null,
        retry_timer: null,
        retry_totaltime: 0,
        retry_delay: 150,
        retry_backoff: 1.7,
        attempts: 1,
        pub_sub_mode: false,
        subscription_set: {},
        monitoring: false,
        closing: false,
        server_info: {},
        auth_pass: null,
        parser_module: null,
        selected_db: null,
        old_state: null,
        domain: null,
        _events: {},
        _maxListeners: 10,
        port: '6379',
        host: 'localhost' } } }
[2013-06-28 06:01:11.931] [INFO] console - [data sync component] load mapping file done.
[2013-06-28 06:01:14.572] [INFO] console - info: 'socket.io started'
[2013-06-28 06:01:14.762] [INFO] \node_modules\pomelo\node_modules\pomelo-admin\lib\consoleService.js - try to connect master: "connector", "127.0.0.1", 4005
[2013-06-28 06:02:41.090] [INFO] \node_modules\pomelo\lib\application.js - application inited: "connector-server-1"
[2013-06-28 06:02:41.275] [INFO] \node_modules\pomelo\lib\components\sync.js - test
[2013-06-28 06:02:41.276] [INFO] \node_modules\pomelo\lib\components\sync.js - { path: 'D:\\creative\\aws\\kouwanju\\game-server/app/dao/mapping',
  dbclient: 
   { init: [Function],
     shutdown: [Function],
     client: 
      { stream: [Object],
        options: [Object],
        connection_id: 1,
        connected: false,
        ready: false,
        connections: 0,
        should_buffer: false,
        command_queue_high_water: 1000,
        command_queue_low_water: 0,
        max_attempts: null,
        command_queue: [Object],
        offline_queue: [Object],
        commands_sent: 0,
        connect_timeout: false,
        enable_offline_queue: true,
        retry_max_delay: null,
        retry_timer: null,
        retry_totaltime: 0,
        retry_delay: 150,
        retry_backoff: 1.7,
        attempts: 1,
        pub_sub_mode: false,
        subscription_set: {},
        monitoring: false,
        closing: false,
        server_info: {},
        auth_pass: null,
        parser_module: null,
        selected_db: null,
        old_state: null,
        domain: null,
        _events: {},
        _maxListeners: 10,
        port: '6379',
        host: 'localhost' } } }
[2013-06-28 06:02:41.290] [INFO] console - [data sync component] load mapping file done.
[2013-06-28 06:02:46.598] [INFO] console - info: 'socket.io started'
[2013-06-28 06:02:46.876] [INFO] \node_modules\pomelo\node_modules\pomelo-admin\lib\consoleService.js - try to connect master: "connector", "127.0.0.1", 4005
[2013-06-28 06:05:46.589] [INFO] \node_modules\pomelo\lib\application.js - application inited: "connector-server-1"
[2013-06-28 06:05:47.049] [INFO] \node_modules\pomelo\lib\components\sync.js - test
[2013-06-28 06:05:47.050] [INFO] \node_modules\pomelo\lib\components\sync.js - { path: 'D:\\creative\\aws\\kouwanju\\game-server/app/dao/mapping',
  dbclient: 
   { init: [Function],
     shutdown: [Function],
     client: 
      { stream: [Object],
        options: [Object],
        connection_id: 1,
        connected: false,
        ready: false,
        connections: 0,
        should_buffer: false,
        command_queue_high_water: 1000,
        command_queue_low_water: 0,
        max_attempts: null,
        command_queue: [Object],
        offline_queue: [Object],
        commands_sent: 0,
        connect_timeout: false,
        enable_offline_queue: true,
        retry_max_delay: null,
        retry_timer: null,
        retry_totaltime: 0,
        retry_delay: 150,
        retry_backoff: 1.7,
        attempts: 1,
        pub_sub_mode: false,
        subscription_set: {},
        monitoring: false,
        closing: false,
        server_info: {},
        auth_pass: null,
        parser_module: null,
        selected_db: null,
        old_state: null,
        domain: null,
        _events: {},
        _maxListeners: 10,
        port: '6379',
        host: 'localhost' } } }
[2013-06-28 06:05:47.065] [INFO] console - [data sync component] load mapping file done.
[2013-06-28 06:05:56.184] [INFO] console - info: 'socket.io started'
[2013-06-28 06:05:56.424] [INFO] \node_modules\pomelo\node_modules\pomelo-admin\lib\consoleService.js - try to connect master: "connector", "127.0.0.1", 4005
[2013-06-28 09:58:37.947] [INFO] \node_modules\pomelo\lib\application.js - application inited: "connector-server-1"
[2013-06-28 09:58:38.993] [INFO] \node_modules\pomelo\lib\components\sync.js - test
[2013-06-28 09:58:38.994] [INFO] \node_modules\pomelo\lib\components\sync.js - { path: 'D:\\creative\\aws\\kouwanju\\game-server/app/dao/mapping',
  dbclient: 
   { init: [Function],
     shutdown: [Function],
     client: 
      { stream: [Object],
        options: [Object],
        connection_id: 1,
        connected: false,
        ready: false,
        connections: 0,
        should_buffer: false,
        command_queue_high_water: 1000,
        command_queue_low_water: 0,
        max_attempts: null,
        command_queue: [Object],
        offline_queue: [Object],
        commands_sent: 0,
        connect_timeout: false,
        enable_offline_queue: true,
        retry_max_delay: null,
        retry_timer: null,
        retry_totaltime: 0,
        retry_delay: 150,
        retry_backoff: 1.7,
        attempts: 1,
        pub_sub_mode: false,
        subscription_set: {},
        monitoring: false,
        closing: false,
        server_info: {},
        auth_pass: null,
        parser_module: null,
        selected_db: null,
        old_state: null,
        domain: null,
        _events: {},
        _maxListeners: 10,
        port: '6379',
        host: 'localhost' } } }
[2013-06-28 09:58:39.198] [INFO] console - [data sync component] load mapping file done.
[2013-06-28 09:59:08.621] [INFO] console - info: 'socket.io started'
[2013-06-28 09:59:09.200] [INFO] \node_modules\pomelo\node_modules\pomelo-admin\lib\consoleService.js - try to connect master: "connector", "127.0.0.1", 4005
[2013-06-28 09:59:09.531] [INFO] \node_modules\pomelo\lib\application.js - "connector-server-1" enter after start...
[2013-06-28 09:59:09.544] [INFO] \node_modules\pomelo\lib\application.js - "connector-server-1" finish start
